\BOOKMARK [0][-]{chapter.1}{Research Description}{}% 1
\BOOKMARK [1][-]{section.1.1}{Background of the Study}{chapter.1}% 2
\BOOKMARK [1][-]{section.1.2}{Statement of the Problem}{chapter.1}% 3
\BOOKMARK [1][-]{section.1.3}{Research Objectives}{chapter.1}% 4
\BOOKMARK [2][-]{subsection.1.3.1}{General Objectives}{section.1.3}% 5
\BOOKMARK [2][-]{subsection.1.3.2}{Specific Objectives}{section.1.3}% 6
\BOOKMARK [1][-]{section.1.4}{Scope and Limitations of the Research}{chapter.1}% 7
\BOOKMARK [1][-]{section.1.5}{Significance of the Research}{chapter.1}% 8
\BOOKMARK [0][-]{chapter.2}{Review of Related Literature}{}% 9
\BOOKMARK [1][-]{section.2.1}{Item-Based Collaborative Filtering}{chapter.2}% 10
\BOOKMARK [1][-]{section.2.2}{A-Star\(A*\) Search Algorithm}{chapter.2}% 11
\BOOKMARK [1][-]{section.2.3}{Recommender Systems}{chapter.2}% 12
\BOOKMARK [0][-]{chapter.3}{Research Methodology}{}% 13
\BOOKMARK [1][-]{section.3.1}{Survey}{chapter.3}% 14
\BOOKMARK [1][-]{section.3.2}{System Architecture}{chapter.3}% 15
\BOOKMARK [1][-]{section.3.3}{Item-Based Collaborative Filtering Algorithm}{chapter.3}% 16
\BOOKMARK [2][-]{subsection.3.3.1}{Cosine-Based Similarity}{section.3.3}% 17
\BOOKMARK [2][-]{subsection.3.3.2}{Correlation-Based Similarity}{section.3.3}% 18
\BOOKMARK [2][-]{subsection.3.3.3}{Adjusted Cosine Similarity}{section.3.3}% 19
\BOOKMARK [1][-]{section.3.4}{A-Star\(A*\) Search Algorithm}{chapter.3}% 20
